-- ===================================================================
-- create FDW objects
-- ===================================================================
-- Error, extension isn't installed yet
ALTER SERVER loopback OPTIONS (ADD extensions 'cube');
ERROR:  the "cube" extension must be installed locally before it can be used on a remote server
-- Try again
CREATE EXTENSION cube;
ALTER SERVER loopback OPTIONS (ADD extensions 'cube');
ALTER SERVER loopback OPTIONS (DROP extensions);
-- ===================================================================
-- create objects used through FDW loopback server
-- ===================================================================
CREATE SCHEMA "SH 1";
CREATE TABLE "SH 1"."TBL 1" (
	"C 1" int NOT NULL,
	c2 int NOT NULL,
	c3 cube,
	c4 timestamptz
);
INSERT INTO "SH 1"."TBL 1"
	SELECT id,
	       2 * id,
	       cube(id,2*id),
	       '1970-01-01'::timestamptz + ((id % 100) || ' days')::interval
	FROM generate_series(1, 1000) id;
ANALYZE "SH 1"."TBL 1";
-- ===================================================================
-- create foreign table
-- ===================================================================
CREATE FOREIGN TABLE shft1 (
	"C 1" int NOT NULL,
	c2 int NOT NULL,
	c3 cube,
	c4 timestamptz
) SERVER loopback
OPTIONS (schema_name 'SH 1', table_name 'TBL 1');
-- ===================================================================
-- simple queries
-- ===================================================================
-- without operator shipping
EXPLAIN (COSTS false) SELECT * FROM shft1 LIMIT 1;
         QUERY PLAN          
-----------------------------
 Limit
   ->  Foreign Scan on shft1
(2 rows)

EXPLAIN VERBOSE SELECT c2 FROM shft1 WHERE c3 && cube(1.5,2.5);
                             QUERY PLAN                              
---------------------------------------------------------------------
 Foreign Scan on public.shft1  (cost=100.00..205.06 rows=15 width=4)
   Output: c2
   Filter: (shft1.c3 && '(1.5),(2.5)'::cube)
   Remote SQL: SELECT c2, c3 FROM "SH 1"."TBL 1"
(4 rows)

SELECT c2 FROM shft1 WHERE c3 && cube(1.5,2.5);
 c2 
----
  2
  4
(2 rows)

EXPLAIN VERBOSE SELECT c2 FROM shft1 WHERE c3 && '(1.5),(2.5)'::cube;
                             QUERY PLAN                              
---------------------------------------------------------------------
 Foreign Scan on public.shft1  (cost=100.00..205.06 rows=15 width=4)
   Output: c2
   Filter: (shft1.c3 && '(1.5),(2.5)'::cube)
   Remote SQL: SELECT c2, c3 FROM "SH 1"."TBL 1"
(4 rows)

-- with operator shipping
ALTER SERVER loopback OPTIONS (ADD extensions 'cube');
EXPLAIN VERBOSE SELECT c2 FROM shft1 WHERE c3 && cube(1.5,2.5);
                                               QUERY PLAN                                                
---------------------------------------------------------------------------------------------------------
 Foreign Scan on public.shft1  (cost=100.00..146.86 rows=15 width=4)
   Output: c2
   Remote SQL: SELECT c2 FROM "SH 1"."TBL 1" WHERE ((c3 OPERATOR(public.&&) '(1.5),(2.5)'::public.cube))
(3 rows)

SELECT c2 FROM shft1 WHERE c3 && cube(1.5,2.5);
 c2 
----
  2
  4
(2 rows)

EXPLAIN VERBOSE SELECT c2 FROM shft1 WHERE c3 && '(1.5),(2.5)'::cube;
                                               QUERY PLAN                                                
---------------------------------------------------------------------------------------------------------
 Foreign Scan on public.shft1  (cost=100.00..146.86 rows=15 width=4)
   Output: c2
   Remote SQL: SELECT c2 FROM "SH 1"."TBL 1" WHERE ((c3 OPERATOR(public.&&) '(1.5),(2.5)'::public.cube))
(3 rows)

EXPLAIN VERBOSE SELECT cube_dim(c3) FROM shft1 WHERE c3 && '(1.5),(2.5)'::cube;
                                               QUERY PLAN                                                
---------------------------------------------------------------------------------------------------------
 Foreign Scan on public.shft1  (cost=100.00..128.43 rows=7 width=32)
   Output: cube_dim(c3)
   Remote SQL: SELECT c3 FROM "SH 1"."TBL 1" WHERE ((c3 OPERATOR(public.&&) '(1.5),(2.5)'::public.cube))
(3 rows)

SELECT cube_dim(c3) FROM shft1 WHERE c3 && '(1.5),(2.5)'::cube;
 cube_dim 
----------
        1
        1
(2 rows)

EXPLAIN VERBOSE SELECT c2 FROM shft1 WHERE cube_dim(c3) = 1 LIMIT 2;
                                     QUERY PLAN                                      
-------------------------------------------------------------------------------------
 Limit  (cost=100.00..107.22 rows=2 width=4)
   Output: c2
   ->  Foreign Scan on public.shft1  (cost=100.00..154.18 rows=15 width=4)
         Output: c2
         Remote SQL: SELECT c2 FROM "SH 1"."TBL 1" WHERE ((public.cube_dim(c3) = 1))
(5 rows)

SELECT c2 FROM shft1 WHERE cube_dim(c3) = 1 LIMIT 2;
 c2 
----
  2
  4
(2 rows)

-- ===================================================================
-- clean up
-- ===================================================================
